  [1m[35m (1.6ms)[0m  [1m[34mSELECT sqlite_version(*)[0m
  [1m[35m (0.4ms)[0m  [1m[35mCREATE TABLE "schema_migrations" ("version" varchar NOT NULL PRIMARY KEY)[0m
  [1m[35m (0.3ms)[0m  [1m[35mCREATE TABLE "ar_internal_metadata" ("key" varchar NOT NULL PRIMARY KEY, "value" varchar, "created_at" datetime(6) NOT NULL, "updated_at" datetime(6) NOT NULL)[0m
  [1m[35m (0.1ms)[0m  [1m[34mSELECT "schema_migrations"."version" FROM "schema_migrations" ORDER BY "schema_migrations"."version" ASC[0m
Migrating to CreateMovies (20210322110923)
  [1m[36mTRANSACTION (0.0ms)[0m  [1m[36mbegin transaction[0m
  [1m[35m (0.2ms)[0m  [1m[35mCREATE TABLE "movies" ("id" integer PRIMARY KEY AUTOINCREMENT NOT NULL, "title" varchar, "rating" varchar, "description" text, "release_date" date, "created_at" datetime(6) NOT NULL, "updated_at" datetime(6) NOT NULL)[0m
  [1m[36mActiveRecord::SchemaMigration Create (0.1ms)[0m  [1m[32mINSERT INTO "schema_migrations" ("version") VALUES (?)[0m  [["version", "20210322110923"]]
  [1m[36mTRANSACTION (0.3ms)[0m  [1m[36mcommit transaction[0m
  [1m[36mActiveRecord::InternalMetadata Load (0.6ms)[0m  [1m[34mSELECT "ar_internal_metadata".* FROM "ar_internal_metadata" WHERE "ar_internal_metadata"."key" = ? LIMIT ?[0m  [["key", "environment"], ["LIMIT", 1]]
  [1m[36mTRANSACTION (0.0ms)[0m  [1m[36mbegin transaction[0m
  [1m[36mActiveRecord::InternalMetadata Create (0.2ms)[0m  [1m[32mINSERT INTO "ar_internal_metadata" ("key", "value", "created_at", "updated_at") VALUES (?, ?, ?, ?)[0m  [["key", "environment"], ["value", "development"], ["created_at", "2022-05-05 03:58:50.075405"], ["updated_at", "2022-05-05 03:58:50.075405"]]
  [1m[36mTRANSACTION (0.3ms)[0m  [1m[36mcommit transaction[0m
  [1m[35m (0.0ms)[0m  [1m[34mSELECT sqlite_version(*)[0m
  [1m[35m (0.0ms)[0m  [1m[34mSELECT "schema_migrations"."version" FROM "schema_migrations" ORDER BY "schema_migrations"."version" ASC[0m
  [1m[35m (0.2ms)[0m  [1m[34mSELECT sqlite_version(*)[0m
  [1m[35m (0.0ms)[0m  [1m[34mSELECT "schema_migrations"."version" FROM "schema_migrations" ORDER BY "schema_migrations"."version" ASC[0m
  [1m[35m (0.1ms)[0m  [1m[34mSELECT "ar_internal_metadata"."value" FROM "ar_internal_metadata" WHERE "ar_internal_metadata"."key" = ?[0m  [["key", "environment"]]
  [1m[35m (0.0ms)[0m  [1m[34mSELECT "schema_migrations"."version" FROM "schema_migrations" ORDER BY "schema_migrations"."version" ASC[0m
  [1m[35m (0.0ms)[0m  [1m[34mSELECT "ar_internal_metadata"."value" FROM "ar_internal_metadata" WHERE "ar_internal_metadata"."key" = ?[0m  [["key", "environment"]]
  [1m[35m (0.1ms)[0m  [1m[34mSELECT "schema_migrations"."version" FROM "schema_migrations" ORDER BY "schema_migrations"."version" ASC[0m
  [1m[35m (0.0ms)[0m  [1m[34mSELECT "ar_internal_metadata"."value" FROM "ar_internal_metadata" WHERE "ar_internal_metadata"."key" = ?[0m  [["key", "environment"]]
  [1m[35m (0.0ms)[0m  [1m[34mSELECT sqlite_version(*)[0m
  [1m[35m (0.0ms)[0m  [1m[34mSELECT sqlite_version(*)[0m
  [1m[35m (0.1ms)[0m  [1m[34mSELECT sqlite_version(*)[0m
  [1m[35m (0.0ms)[0m  [1m[35mDROP TABLE IF EXISTS "movies"[0m
  [1m[35m (0.4ms)[0m  [1m[35mCREATE TABLE "movies" ("id" integer PRIMARY KEY AUTOINCREMENT NOT NULL, "title" varchar, "rating" varchar, "description" text, "release_date" date, "created_at" datetime(6) NOT NULL, "updated_at" datetime(6) NOT NULL)[0m
  [1m[35m (0.4ms)[0m  [1m[35mCREATE TABLE "schema_migrations" ("version" varchar NOT NULL PRIMARY KEY)[0m
  [1m[35m (0.0ms)[0m  [1m[34mSELECT "schema_migrations"."version" FROM "schema_migrations" ORDER BY "schema_migrations"."version" ASC[0m
  [1m[35m (0.3ms)[0m  [1m[32mINSERT INTO "schema_migrations" (version) VALUES (20210322110923)[0m
  [1m[35m (0.4ms)[0m  [1m[35mCREATE TABLE "ar_internal_metadata" ("key" varchar NOT NULL PRIMARY KEY, "value" varchar, "created_at" datetime(6) NOT NULL, "updated_at" datetime(6) NOT NULL)[0m
  [1m[36mActiveRecord::InternalMetadata Load (0.1ms)[0m  [1m[34mSELECT "ar_internal_metadata".* FROM "ar_internal_metadata" WHERE "ar_internal_metadata"."key" = ? LIMIT ?[0m  [["key", "environment"], ["LIMIT", 1]]
  [1m[36mTRANSACTION (0.1ms)[0m  [1m[36mbegin transaction[0m
  [1m[36mActiveRecord::InternalMetadata Create (0.2ms)[0m  [1m[32mINSERT INTO "ar_internal_metadata" ("key", "value", "created_at", "updated_at") VALUES (?, ?, ?, ?)[0m  [["key", "environment"], ["value", "development"], ["created_at", "2022-05-05 03:59:31.079726"], ["updated_at", "2022-05-05 03:59:31.079726"]]
  [1m[36mTRANSACTION (0.3ms)[0m  [1m[36mcommit transaction[0m
  [1m[36mActiveRecord::InternalMetadata Load (0.0ms)[0m  [1m[34mSELECT "ar_internal_metadata".* FROM "ar_internal_metadata" WHERE "ar_internal_metadata"."key" = ? LIMIT ?[0m  [["key", "environment"], ["LIMIT", 1]]
  [1m[36mActiveRecord::InternalMetadata Load (0.0ms)[0m  [1m[34mSELECT "ar_internal_metadata".* FROM "ar_internal_metadata" WHERE "ar_internal_metadata"."key" = ? LIMIT ?[0m  [["key", "schema_sha1"], ["LIMIT", 1]]
  [1m[36mTRANSACTION (0.0ms)[0m  [1m[36mbegin transaction[0m
  [1m[36mActiveRecord::InternalMetadata Create (0.2ms)[0m  [1m[32mINSERT INTO "ar_internal_metadata" ("key", "value", "created_at", "updated_at") VALUES (?, ?, ?, ?)[0m  [["key", "schema_sha1"], ["value", "b3e373b4fed07c8a623aab49fb403767653ce10e"], ["created_at", "2022-05-05 03:59:31.090087"], ["updated_at", "2022-05-05 03:59:31.090087"]]
  [1m[36mTRANSACTION (0.3ms)[0m  [1m[36mcommit transaction[0m
  [1m[35m (0.0ms)[0m  [1m[34mSELECT sqlite_version(*)[0m
  [1m[35m (0.0ms)[0m  [1m[35mDROP TABLE IF EXISTS "movies"[0m
  [1m[35m (0.4ms)[0m  [1m[35mCREATE TABLE "movies" ("id" integer PRIMARY KEY AUTOINCREMENT NOT NULL, "title" varchar, "rating" varchar, "description" text, "release_date" date, "created_at" datetime(6) NOT NULL, "updated_at" datetime(6) NOT NULL)[0m
  [1m[35m (0.3ms)[0m  [1m[35mCREATE TABLE "schema_migrations" ("version" varchar NOT NULL PRIMARY KEY)[0m
  [1m[35m (0.0ms)[0m  [1m[34mSELECT "schema_migrations"."version" FROM "schema_migrations" ORDER BY "schema_migrations"."version" ASC[0m
  [1m[35m (0.4ms)[0m  [1m[32mINSERT INTO "schema_migrations" (version) VALUES (20210322110923)[0m
  [1m[35m (0.3ms)[0m  [1m[35mCREATE TABLE "ar_internal_metadata" ("key" varchar NOT NULL PRIMARY KEY, "value" varchar, "created_at" datetime(6) NOT NULL, "updated_at" datetime(6) NOT NULL)[0m
  [1m[36mActiveRecord::InternalMetadata Load (0.0ms)[0m  [1m[34mSELECT "ar_internal_metadata".* FROM "ar_internal_metadata" WHERE "ar_internal_metadata"."key" = ? LIMIT ?[0m  [["key", "environment"], ["LIMIT", 1]]
  [1m[36mTRANSACTION (0.1ms)[0m  [1m[36mbegin transaction[0m
  [1m[36mActiveRecord::InternalMetadata Create (0.2ms)[0m  [1m[32mINSERT INTO "ar_internal_metadata" ("key", "value", "created_at", "updated_at") VALUES (?, ?, ?, ?)[0m  [["key", "environment"], ["value", "development"], ["created_at", "2022-05-05 03:59:31.109682"], ["updated_at", "2022-05-05 03:59:31.109682"]]
  [1m[36mTRANSACTION (0.3ms)[0m  [1m[36mcommit transaction[0m
  [1m[36mActiveRecord::InternalMetadata Load (0.0ms)[0m  [1m[34mSELECT "ar_internal_metadata".* FROM "ar_internal_metadata" WHERE "ar_internal_metadata"."key" = ? LIMIT ?[0m  [["key", "environment"], ["LIMIT", 1]]
  [1m[36mTRANSACTION (0.0ms)[0m  [1m[36mbegin transaction[0m
  [1m[36mActiveRecord::InternalMetadata Update (0.1ms)[0m  [1m[33mUPDATE "ar_internal_metadata" SET "value" = ?, "updated_at" = ? WHERE "ar_internal_metadata"."key" = ?[0m  [["value", "test"], ["updated_at", "2022-05-05 03:59:31.114305"], ["key", "environment"]]
  [1m[36mTRANSACTION (0.2ms)[0m  [1m[36mcommit transaction[0m
  [1m[36mActiveRecord::InternalMetadata Load (0.0ms)[0m  [1m[34mSELECT "ar_internal_metadata".* FROM "ar_internal_metadata" WHERE "ar_internal_metadata"."key" = ? LIMIT ?[0m  [["key", "schema_sha1"], ["LIMIT", 1]]
  [1m[36mTRANSACTION (0.0ms)[0m  [1m[36mbegin transaction[0m
  [1m[36mActiveRecord::InternalMetadata Create (0.1ms)[0m  [1m[32mINSERT INTO "ar_internal_metadata" ("key", "value", "created_at", "updated_at") VALUES (?, ?, ?, ?)[0m  [["key", "schema_sha1"], ["value", "b3e373b4fed07c8a623aab49fb403767653ce10e"], ["created_at", "2022-05-05 03:59:31.117016"], ["updated_at", "2022-05-05 03:59:31.117016"]]
  [1m[36mTRANSACTION (0.2ms)[0m  [1m[36mcommit transaction[0m
  [1m[35m (0.0ms)[0m  [1m[34mSELECT sqlite_version(*)[0m
  [1m[35m (0.0ms)[0m  [1m[34mSELECT "schema_migrations"."version" FROM "schema_migrations" ORDER BY "schema_migrations"."version" ASC[0m
  [1m[35m (0.0ms)[0m  [1m[34mSELECT sqlite_version(*)[0m
  [1m[36mTRANSACTION (0.0ms)[0m  [1m[36mbegin transaction[0m
  [1m[36mMovie Create (0.2ms)[0m  [1m[32mINSERT INTO "movies" ("title", "rating", "description", "release_date", "created_at", "updated_at") VALUES (?, ?, ?, ?, ?, ?)[0m  [["title", "Soul"], ["rating", "G"], ["description", "After landing the gig of a lifetime, a New York jazz pianist suddenly finds himself trapped in a strange land between Earth and the afterlife."], ["release_date", "2022-10-11"], ["created_at", "2022-10-11 00:00:00"], ["updated_at", "2022-10-11 00:00:00"]]
  [1m[36mTRANSACTION (0.2ms)[0m  [1m[36mcommit transaction[0m
  [1m[36mTRANSACTION (0.0ms)[0m  [1m[36mbegin transaction[0m
  [1m[36mMovie Create (0.1ms)[0m  [1m[32mINSERT INTO "movies" ("title", "rating", "description", "release_date", "created_at", "updated_at") VALUES (?, ?, ?, ?, ?, ?)[0m  [["title", "The Lord of the Rings: The Fellowship of the Ring"], ["rating", "PG"], ["description", "The Fellowship of the Ring embark on a journey to destroy the One Ring and end Saurons reign over Middle-earth. A young Hobbit known as Frodo has been thrown on an amazing adventure, when he is appointed the job of destroying the One Ring, which was created by the Dark Lord Sauron."], ["release_date", "2009-10-08"], ["created_at", "2022-10-11 00:00:00"], ["updated_at", "2022-10-11 00:00:00"]]
  [1m[36mTRANSACTION (0.2ms)[0m  [1m[36mcommit transaction[0m
  [1m[36mTRANSACTION (0.0ms)[0m  [1m[36mbegin transaction[0m
  [1m[36mMovie Create (0.1ms)[0m  [1m[32mINSERT INTO "movies" ("title", "rating", "description", "release_date", "created_at", "updated_at") VALUES (?, ?, ?, ?, ?, ?)[0m  [["title", "Encanto"], ["rating", "G"], ["description", "The Madrigals are an extraordinary family who live hidden in the mountains of Colombia in a charmed place called the Encanto."], ["release_date", "2022-01-02"], ["created_at", "2022-10-11 00:00:00"], ["updated_at", "2022-10-11 00:00:00"]]
  [1m[36mTRANSACTION (0.3ms)[0m  [1m[36mcommit transaction[0m
  [1m[36mTRANSACTION (0.0ms)[0m  [1m[36mbegin transaction[0m
  [1m[36mMovie Create (0.1ms)[0m  [1m[32mINSERT INTO "movies" ("title", "rating", "description", "release_date", "created_at", "updated_at") VALUES (?, ?, ?, ?, ?, ?)[0m  [["title", "Moana"], ["rating", "G"], ["description", "Moana, daughter of chief Tui, embarks on a journey to return the heart of goddess Te Fitti from Maui, a demigod, after the plants and the fish on her island start dying due to a blight."], ["release_date", "2016-11-23"], ["created_at", "2022-10-11 00:00:00"], ["updated_at", "2022-10-11 00:00:00"]]
  [1m[36mTRANSACTION (0.2ms)[0m  [1m[36mcommit transaction[0m
  [1m[36mTRANSACTION (0.0ms)[0m  [1m[36mbegin transaction[0m
  [1m[36mMovie Create (0.2ms)[0m  [1m[32mINSERT INTO "movies" ("title", "rating", "description", "release_date", "created_at", "updated_at") VALUES (?, ?, ?, ?, ?, ?)[0m  [["title", "Mulan"], ["rating", "PG"], ["description", "Young Mulan is distraught to learn that her weak father must join the army to fight the invading Huns. Unwilling to endanger his life, she disguises herself as a man and joins the army in his place."], ["release_date", "1989-06-05"], ["created_at", "2022-10-11 00:00:00"], ["updated_at", "2022-10-11 00:00:00"]]
  [1m[36mTRANSACTION (0.2ms)[0m  [1m[36mcommit transaction[0m
  [1m[36mTRANSACTION (0.0ms)[0m  [1m[36mbegin transaction[0m
  [1m[36mMovie Create (0.1ms)[0m  [1m[32mINSERT INTO "movies" ("title", "rating", "description", "release_date", "created_at", "updated_at") VALUES (?, ?, ?, ?, ?, ?)[0m  [["title", "Saw"], ["rating", "PG-13"], ["description", "Saw is a 2004 American horror film directed by James Wan, in his feature directorial debut, and written by Leigh Whannell from a story by Wan and Whannell."], ["release_date", "2004-06-05"], ["created_at", "2022-10-11 00:00:00"], ["updated_at", "2022-10-11 00:00:00"]]
  [1m[36mTRANSACTION (0.2ms)[0m  [1m[36mcommit transaction[0m
  [1m[36mTRANSACTION (0.0ms)[0m  [1m[36mbegin transaction[0m
  [1m[36mMovie Create (0.1ms)[0m  [1m[32mINSERT INTO "movies" ("title", "rating", "description", "release_date", "created_at", "updated_at") VALUES (?, ?, ?, ?, ?, ?)[0m  [["title", "Saw II"], ["rating", "PG-13"], ["description", "Saw II is a 2005 horror film directed by Darren Lynn Bousman and written by Leigh Whannell and Bousman. It is the sequel to 2004s Saw and the second installment in the Saw film series."], ["release_date", "2005-01-02"], ["created_at", "2022-10-11 00:00:00"], ["updated_at", "2022-10-11 00:00:00"]]
  [1m[36mTRANSACTION (0.2ms)[0m  [1m[36mcommit transaction[0m
  [1m[36mTRANSACTION (0.0ms)[0m  [1m[36mbegin transaction[0m
  [1m[36mMovie Create (0.2ms)[0m  [1m[32mINSERT INTO "movies" ("title", "rating", "description", "release_date", "created_at", "updated_at") VALUES (?, ?, ?, ?, ?, ?)[0m  [["title", "Tangled"], ["rating", "G"], ["description", "Rapunzel, a naive and young girl, is locked up by her overly protective mother"], ["release_date", "2010-09-09"], ["created_at", "2022-10-11 00:00:00"], ["updated_at", "2022-10-11 00:00:00"]]
  [1m[36mTRANSACTION (0.3ms)[0m  [1m[36mcommit transaction[0m
  [1m[36mTRANSACTION (0.0ms)[0m  [1m[36mbegin transaction[0m
  [1m[36mMovie Create (0.1ms)[0m  [1m[32mINSERT INTO "movies" ("title", "rating", "description", "release_date", "created_at", "updated_at") VALUES (?, ?, ?, ?, ?, ?)[0m  [["title", "Spirited Away"], ["rating", "PG-13"], ["description", "Ten-year-old Chihiro and her parents end up at an abandoned amusement park inhabited by supernatural beings."], ["release_date", "2002-12-12"], ["created_at", "2022-10-11 00:00:00"], ["updated_at", "2022-10-11 00:00:00"]]
  [1m[36mTRANSACTION (0.2ms)[0m  [1m[36mcommit transaction[0m
  [1m[36mTRANSACTION (0.0ms)[0m  [1m[36mbegin transaction[0m
  [1m[36mMovie Create (0.1ms)[0m  [1m[32mINSERT INTO "movies" ("title", "rating", "description", "release_date", "created_at", "updated_at") VALUES (?, ?, ?, ?, ?, ?)[0m  [["title", "Howels Moving Castle"], ["rating", "PG-13"], ["description", "Jealous of Sophies closeness to Howl, a wizard, the Witch of Waste transforms her into an old lady."], ["release_date", "2005-08-22"], ["created_at", "2022-10-11 00:00:00"], ["updated_at", "2022-10-11 00:00:00"]]
  [1m[36mTRANSACTION (0.2ms)[0m  [1m[36mcommit transaction[0m
  [1m[36mTRANSACTION (0.0ms)[0m  [1m[36mbegin transaction[0m
  [1m[36mMovie Create (0.1ms)[0m  [1m[32mINSERT INTO "movies" ("title", "rating", "description", "release_date", "created_at", "updated_at") VALUES (?, ?, ?, ?, ?, ?)[0m  [["title", "One Direction: Live on Tour"], ["rating", "PG-13"], ["description", "Up All Night: The Live Tour is a video album documenting the 3 January 2012 show of English-Irish boy band One Directions Up All Night Tour. "], ["release_date", "2011-01-03"], ["created_at", "2022-10-11 00:00:00"], ["updated_at", "2022-10-11 00:00:00"]]
  [1m[36mTRANSACTION (0.2ms)[0m  [1m[36mcommit transaction[0m
  [1m[36mTRANSACTION (0.0ms)[0m  [1m[36mbegin transaction[0m
  [1m[36mMovie Create (0.1ms)[0m  [1m[32mINSERT INTO "movies" ("title", "rating", "description", "release_date", "created_at", "updated_at") VALUES (?, ?, ?, ?, ?, ?)[0m  [["title", "Nightmare on elm street"], ["rating", "R"], ["description", "A young girl realises that she has to stay awake at any cost to avoid the clawed killer who is butchering her friends one by one in their dreams."], ["release_date", "1998-01-02"], ["created_at", "2022-10-11 00:00:00"], ["updated_at", "2022-10-11 00:00:00"]]
  [1m[36mTRANSACTION (0.2ms)[0m  [1m[36mcommit transaction[0m
  [1m[35m (0.9ms)[0m  [1m[34mSELECT sqlite_version(*)[0m
  [1m[35m (0.2ms)[0m  [1m[34mSELECT "schema_migrations"."version" FROM "schema_migrations" ORDER BY "schema_migrations"."version" ASC[0m
  [1m[35m (0.0ms)[0m  [1m[34mSELECT "ar_internal_metadata"."value" FROM "ar_internal_metadata" WHERE "ar_internal_metadata"."key" = ?[0m  [["key", "environment"]]
  [1m[35m (0.0ms)[0m  [1m[34mSELECT "schema_migrations"."version" FROM "schema_migrations" ORDER BY "schema_migrations"."version" ASC[0m
  [1m[35m (0.0ms)[0m  [1m[34mSELECT "ar_internal_metadata"."value" FROM "ar_internal_metadata" WHERE "ar_internal_metadata"."key" = ?[0m  [["key", "environment"]]
  [1m[35m (0.1ms)[0m  [1m[34mSELECT "schema_migrations"."version" FROM "schema_migrations" ORDER BY "schema_migrations"."version" ASC[0m
  [1m[35m (0.0ms)[0m  [1m[34mSELECT "ar_internal_metadata"."value" FROM "ar_internal_metadata" WHERE "ar_internal_metadata"."key" = ?[0m  [["key", "environment"]]
  [1m[35m (0.0ms)[0m  [1m[34mSELECT sqlite_version(*)[0m
  [1m[35m (0.0ms)[0m  [1m[34mSELECT sqlite_version(*)[0m
  [1m[35m (0.0ms)[0m  [1m[34mSELECT sqlite_version(*)[0m
  [1m[35m (0.2ms)[0m  [1m[35mDROP TABLE IF EXISTS "movies"[0m
  [1m[35m (0.4ms)[0m  [1m[35mCREATE TABLE "movies" ("id" integer PRIMARY KEY AUTOINCREMENT NOT NULL, "title" varchar, "rating" varchar, "description" text, "release_date" date, "created_at" datetime(6) NOT NULL, "updated_at" datetime(6) NOT NULL)[0m
  [1m[35m (0.3ms)[0m  [1m[35mCREATE TABLE "schema_migrations" ("version" varchar NOT NULL PRIMARY KEY)[0m
  [1m[35m (0.1ms)[0m  [1m[34mSELECT "schema_migrations"."version" FROM "schema_migrations" ORDER BY "schema_migrations"."version" ASC[0m
  [1m[35m (0.3ms)[0m  [1m[32mINSERT INTO "schema_migrations" (version) VALUES (20210322110923)[0m
  [1m[35m (0.3ms)[0m  [1m[35mCREATE TABLE "ar_internal_metadata" ("key" varchar NOT NULL PRIMARY KEY, "value" varchar, "created_at" datetime(6) NOT NULL, "updated_at" datetime(6) NOT NULL)[0m
  [1m[36mActiveRecord::InternalMetadata Load (0.1ms)[0m  [1m[34mSELECT "ar_internal_metadata".* FROM "ar_internal_metadata" WHERE "ar_internal_metadata"."key" = ? LIMIT ?[0m  [["key", "environment"], ["LIMIT", 1]]
  [1m[36mTRANSACTION (0.0ms)[0m  [1m[36mbegin transaction[0m
  [1m[36mActiveRecord::InternalMetadata Create (0.2ms)[0m  [1m[32mINSERT INTO "ar_internal_metadata" ("key", "value", "created_at", "updated_at") VALUES (?, ?, ?, ?)[0m  [["key", "environment"], ["value", "development"], ["created_at", "2022-05-05 04:51:48.108178"], ["updated_at", "2022-05-05 04:51:48.108178"]]
  [1m[36mTRANSACTION (0.3ms)[0m  [1m[36mcommit transaction[0m
  [1m[36mActiveRecord::InternalMetadata Load (0.0ms)[0m  [1m[34mSELECT "ar_internal_metadata".* FROM "ar_internal_metadata" WHERE "ar_internal_metadata"."key" = ? LIMIT ?[0m  [["key", "environment"], ["LIMIT", 1]]
  [1m[36mActiveRecord::InternalMetadata Load (0.0ms)[0m  [1m[34mSELECT "ar_internal_metadata".* FROM "ar_internal_metadata" WHERE "ar_internal_metadata"."key" = ? LIMIT ?[0m  [["key", "schema_sha1"], ["LIMIT", 1]]
  [1m[36mTRANSACTION (0.0ms)[0m  [1m[36mbegin transaction[0m
  [1m[36mActiveRecord::InternalMetadata Create (0.2ms)[0m  [1m[32mINSERT INTO "ar_internal_metadata" ("key", "value", "created_at", "updated_at") VALUES (?, ?, ?, ?)[0m  [["key", "schema_sha1"], ["value", "b3e373b4fed07c8a623aab49fb403767653ce10e"], ["created_at", "2022-05-05 04:51:48.117383"], ["updated_at", "2022-05-05 04:51:48.117383"]]
  [1m[36mTRANSACTION (0.3ms)[0m  [1m[36mcommit transaction[0m
  [1m[35m (0.0ms)[0m  [1m[34mSELECT sqlite_version(*)[0m
  [1m[35m (0.8ms)[0m  [1m[35mDROP TABLE IF EXISTS "movies"[0m
  [1m[35m (0.4ms)[0m  [1m[35mCREATE TABLE "movies" ("id" integer PRIMARY KEY AUTOINCREMENT NOT NULL, "title" varchar, "rating" varchar, "description" text, "release_date" date, "created_at" datetime(6) NOT NULL, "updated_at" datetime(6) NOT NULL)[0m
  [1m[35m (0.3ms)[0m  [1m[35mCREATE TABLE "schema_migrations" ("version" varchar NOT NULL PRIMARY KEY)[0m
  [1m[35m (0.0ms)[0m  [1m[34mSELECT "schema_migrations"."version" FROM "schema_migrations" ORDER BY "schema_migrations"."version" ASC[0m
  [1m[35m (0.3ms)[0m  [1m[32mINSERT INTO "schema_migrations" (version) VALUES (20210322110923)[0m
  [1m[35m (0.3ms)[0m  [1m[35mCREATE TABLE "ar_internal_metadata" ("key" varchar NOT NULL PRIMARY KEY, "value" varchar, "created_at" datetime(6) NOT NULL, "updated_at" datetime(6) NOT NULL)[0m
  [1m[36mActiveRecord::InternalMetadata Load (0.0ms)[0m  [1m[34mSELECT "ar_internal_metadata".* FROM "ar_internal_metadata" WHERE "ar_internal_metadata"."key" = ? LIMIT ?[0m  [["key", "environment"], ["LIMIT", 1]]
  [1m[36mTRANSACTION (0.0ms)[0m  [1m[36mbegin transaction[0m
  [1m[36mActiveRecord::InternalMetadata Create (0.1ms)[0m  [1m[32mINSERT INTO "ar_internal_metadata" ("key", "value", "created_at", "updated_at") VALUES (?, ?, ?, ?)[0m  [["key", "environment"], ["value", "development"], ["created_at", "2022-05-05 04:51:48.133721"], ["updated_at", "2022-05-05 04:51:48.133721"]]
  [1m[36mTRANSACTION (0.2ms)[0m  [1m[36mcommit transaction[0m
  [1m[36mActiveRecord::InternalMetadata Load (0.0ms)[0m  [1m[34mSELECT "ar_internal_metadata".* FROM "ar_internal_metadata" WHERE "ar_internal_metadata"."key" = ? LIMIT ?[0m  [["key", "environment"], ["LIMIT", 1]]
  [1m[36mTRANSACTION (0.0ms)[0m  [1m[36mbegin transaction[0m
  [1m[36mActiveRecord::InternalMetadata Update (0.1ms)[0m  [1m[33mUPDATE "ar_internal_metadata" SET "value" = ?, "updated_at" = ? WHERE "ar_internal_metadata"."key" = ?[0m  [["value", "test"], ["updated_at", "2022-05-05 04:51:48.139786"], ["key", "environment"]]
  [1m[36mTRANSACTION (0.2ms)[0m  [1m[36mcommit transaction[0m
  [1m[36mActiveRecord::InternalMetadata Load (0.0ms)[0m  [1m[34mSELECT "ar_internal_metadata".* FROM "ar_internal_metadata" WHERE "ar_internal_metadata"."key" = ? LIMIT ?[0m  [["key", "schema_sha1"], ["LIMIT", 1]]
  [1m[36mTRANSACTION (0.0ms)[0m  [1m[36mbegin transaction[0m
  [1m[36mActiveRecord::InternalMetadata Create (0.1ms)[0m  [1m[32mINSERT INTO "ar_internal_metadata" ("key", "value", "created_at", "updated_at") VALUES (?, ?, ?, ?)[0m  [["key", "schema_sha1"], ["value", "b3e373b4fed07c8a623aab49fb403767653ce10e"], ["created_at", "2022-05-05 04:51:48.142574"], ["updated_at", "2022-05-05 04:51:48.142574"]]
  [1m[36mTRANSACTION (0.2ms)[0m  [1m[36mcommit transaction[0m
  [1m[35m (0.0ms)[0m  [1m[34mSELECT sqlite_version(*)[0m
  [1m[35m (0.0ms)[0m  [1m[34mSELECT "schema_migrations"."version" FROM "schema_migrations" ORDER BY "schema_migrations"."version" ASC[0m
  [1m[35m (0.2ms)[0m  [1m[34mSELECT sqlite_version(*)[0m
  [1m[35m (0.0ms)[0m  [1m[34mSELECT "schema_migrations"."version" FROM "schema_migrations" ORDER BY "schema_migrations"."version" ASC[0m
Migrating to AddDirector (20220505043634)
  [1m[35m (0.2ms)[0m  [1m[34mSELECT sqlite_version(*)[0m
  [1m[35m (0.2ms)[0m  [1m[34mSELECT "schema_migrations"."version" FROM "schema_migrations" ORDER BY "schema_migrations"."version" ASC[0m
Migrating to AddDirector (20220505043634)
  [1m[36mTRANSACTION (0.0ms)[0m  [1m[36mbegin transaction[0m
  [1m[35m (0.2ms)[0m  [1m[35mALTER TABLE "movies" ADD "director" varchar[0m
  [1m[36mActiveRecord::SchemaMigration Create (0.1ms)[0m  [1m[32mINSERT INTO "schema_migrations" ("version") VALUES (?)[0m  [["version", "20220505043634"]]
  [1m[36mTRANSACTION (0.3ms)[0m  [1m[36mcommit transaction[0m
  [1m[36mActiveRecord::InternalMetadata Load (0.0ms)[0m  [1m[34mSELECT "ar_internal_metadata".* FROM "ar_internal_metadata" WHERE "ar_internal_metadata"."key" = ? LIMIT ?[0m  [["key", "environment"], ["LIMIT", 1]]
  [1m[35m (0.0ms)[0m  [1m[34mSELECT sqlite_version(*)[0m
  [1m[35m (0.0ms)[0m  [1m[34mSELECT "schema_migrations"."version" FROM "schema_migrations" ORDER BY "schema_migrations"."version" ASC[0m
  [1m[35m (0.2ms)[0m  [1m[34mSELECT sqlite_version(*)[0m
  [1m[35m (0.2ms)[0m  [1m[34mSELECT "schema_migrations"."version" FROM "schema_migrations" ORDER BY "schema_migrations"."version" ASC[0m
  [1m[35m (0.0ms)[0m  [1m[34mSELECT sqlite_version(*)[0m
  [1m[36mTRANSACTION (0.0ms)[0m  [1m[36mbegin transaction[0m
  [1m[36mMovie Create (0.2ms)[0m  [1m[32mINSERT INTO "movies" ("title", "rating", "description", "release_date", "created_at", "updated_at", "director") VALUES (?, ?, ?, ?, ?, ?, ?)[0m  [["title", "Soul"], ["rating", "G"], ["description", "After landing the gig of a lifetime, a New York jazz pianist suddenly finds himself trapped in a strange land between Earth and the afterlife."], ["release_date", "2022-10-11"], ["created_at", "2022-10-11 00:00:00"], ["updated_at", "2022-10-11 00:00:00"], ["director", "Pete Docter"]]
  [1m[36mTRANSACTION (0.2ms)[0m  [1m[36mcommit transaction[0m
  [1m[36mTRANSACTION (0.0ms)[0m  [1m[36mbegin transaction[0m
  [1m[36mMovie Create (0.2ms)[0m  [1m[32mINSERT INTO "movies" ("title", "rating", "description", "release_date", "created_at", "updated_at", "director") VALUES (?, ?, ?, ?, ?, ?, ?)[0m  [["title", "The Lord of the Rings: The Fellowship of the Ring"], ["rating", "PG"], ["description", "The Fellowship of the Ring embark on a journey to destroy the One Ring and end Saurons reign over Middle-earth. A young Hobbit known as Frodo has been thrown on an amazing adventure, when he is appointed the job of destroying the One Ring, which was created by the Dark Lord Sauron."], ["release_date", "2009-10-08"], ["created_at", "2022-10-11 00:00:00"], ["updated_at", "2022-10-11 00:00:00"], ["director", "Peter Jackson"]]
  [1m[36mTRANSACTION (0.2ms)[0m  [1m[36mcommit transaction[0m
  [1m[36mTRANSACTION (0.0ms)[0m  [1m[36mbegin transaction[0m
  [1m[36mMovie Create (0.1ms)[0m  [1m[32mINSERT INTO "movies" ("title", "rating", "description", "release_date", "created_at", "updated_at", "director") VALUES (?, ?, ?, ?, ?, ?, ?)[0m  [["title", "Encanto"], ["rating", "G"], ["description", "The Madrigals are an extraordinary family who live hidden in the mountains of Colombia in a charmed place called the Encanto."], ["release_date", "2022-01-02"], ["created_at", "2022-10-11 00:00:00"], ["updated_at", "2022-10-11 00:00:00"], ["director", "Byron Howard"]]
  [1m[36mTRANSACTION (0.2ms)[0m  [1m[36mcommit transaction[0m
  [1m[36mTRANSACTION (0.0ms)[0m  [1m[36mbegin transaction[0m
  [1m[36mMovie Create (0.1ms)[0m  [1m[32mINSERT INTO "movies" ("title", "rating", "description", "release_date", "created_at", "updated_at", "director") VALUES (?, ?, ?, ?, ?, ?, ?)[0m  [["title", "Moana"], ["rating", "G"], ["description", "Moana, daughter of chief Tui, embarks on a journey to return the heart of goddess Te Fitti from Maui, a demigod, after the plants and the fish on her island start dying due to a blight."], ["release_date", "2016-11-23"], ["created_at", "2022-10-11 00:00:00"], ["updated_at", "2022-10-11 00:00:00"], ["director", "Ron Clements"]]
  [1m[36mTRANSACTION (0.2ms)[0m  [1m[36mcommit transaction[0m
  [1m[36mTRANSACTION (0.0ms)[0m  [1m[36mbegin transaction[0m
  [1m[36mMovie Create (0.1ms)[0m  [1m[32mINSERT INTO "movies" ("title", "rating", "description", "release_date", "created_at", "updated_at", "director") VALUES (?, ?, ?, ?, ?, ?, ?)[0m  [["title", "Mulan"], ["rating", "PG"], ["description", "Young Mulan is distraught to learn that her weak father must join the army to fight the invading Huns. Unwilling to endanger his life, she disguises herself as a man and joins the army in his place."], ["release_date", "1989-06-05"], ["created_at", "2022-10-11 00:00:00"], ["updated_at", "2022-10-11 00:00:00"], ["director", "Tony Bancroft"]]
  [1m[36mTRANSACTION (0.2ms)[0m  [1m[36mcommit transaction[0m
  [1m[36mTRANSACTION (0.0ms)[0m  [1m[36mbegin transaction[0m
  [1m[36mMovie Create (0.1ms)[0m  [1m[32mINSERT INTO "movies" ("title", "rating", "description", "release_date", "created_at", "updated_at", "director") VALUES (?, ?, ?, ?, ?, ?, ?)[0m  [["title", "Saw"], ["rating", "PG-13"], ["description", "Saw is a 2004 American horror film directed by James Wan, in his feature directorial debut, and written by Leigh Whannell from a story by Wan and Whannell."], ["release_date", "2004-06-05"], ["created_at", "2022-10-11 00:00:00"], ["updated_at", "2022-10-11 00:00:00"], ["director", "James Wan"]]
  [1m[36mTRANSACTION (0.2ms)[0m  [1m[36mcommit transaction[0m
  [1m[36mTRANSACTION (0.0ms)[0m  [1m[36mbegin transaction[0m
  [1m[36mMovie Create (0.1ms)[0m  [1m[32mINSERT INTO "movies" ("title", "rating", "description", "release_date", "created_at", "updated_at", "director") VALUES (?, ?, ?, ?, ?, ?, ?)[0m  [["title", "Saw II"], ["rating", "PG-13"], ["description", "Saw II is a 2005 horror film directed by Darren Lynn Bousman and written by Leigh Whannell and Bousman. It is the sequel to 2004s Saw and the second installment in the Saw film series."], ["release_date", "2005-01-02"], ["created_at", "2022-10-11 00:00:00"], ["updated_at", "2022-10-11 00:00:00"], ["director", "Darren Lynn Bousman"]]
  [1m[36mTRANSACTION (0.2ms)[0m  [1m[36mcommit transaction[0m
  [1m[36mTRANSACTION (0.0ms)[0m  [1m[36mbegin transaction[0m
  [1m[36mMovie Create (0.1ms)[0m  [1m[32mINSERT INTO "movies" ("title", "rating", "description", "release_date", "created_at", "updated_at", "director") VALUES (?, ?, ?, ?, ?, ?, ?)[0m  [["title", "Tangled"], ["rating", "G"], ["description", "Rapunzel, a naive and young girl, is locked up by her overly protective mother"], ["release_date", "2010-09-09"], ["created_at", "2022-10-11 00:00:00"], ["updated_at", "2022-10-11 00:00:00"], ["director", "Nathan Greno"]]
  [1m[36mTRANSACTION (0.2ms)[0m  [1m[36mcommit transaction[0m
  [1m[36mTRANSACTION (0.0ms)[0m  [1m[36mbegin transaction[0m
  [1m[36mMovie Create (0.1ms)[0m  [1m[32mINSERT INTO "movies" ("title", "rating", "description", "release_date", "created_at", "updated_at", "director") VALUES (?, ?, ?, ?, ?, ?, ?)[0m  [["title", "Spirited Away"], ["rating", "PG-13"], ["description", "Ten-year-old Chihiro and her parents end up at an abandoned amusement park inhabited by supernatural beings."], ["release_date", "2002-12-12"], ["created_at", "2022-10-11 00:00:00"], ["updated_at", "2022-10-11 00:00:00"], ["director", "Hayao Miyazaki"]]
  [1m[36mTRANSACTION (0.2ms)[0m  [1m[36mcommit transaction[0m
  [1m[36mTRANSACTION (0.0ms)[0m  [1m[36mbegin transaction[0m
  [1m[36mMovie Create (0.1ms)[0m  [1m[32mINSERT INTO "movies" ("title", "rating", "description", "release_date", "created_at", "updated_at", "director") VALUES (?, ?, ?, ?, ?, ?, ?)[0m  [["title", "Howels Moving Castle"], ["rating", "PG-13"], ["description", "Jealous of Sophies closeness to Howl, a wizard, the Witch of Waste transforms her into an old lady."], ["release_date", "2005-08-22"], ["created_at", "2022-10-11 00:00:00"], ["updated_at", "2022-10-11 00:00:00"], ["director", "Hayao Miyazaki"]]
  [1m[36mTRANSACTION (0.2ms)[0m  [1m[36mcommit transaction[0m
  [1m[36mTRANSACTION (0.0ms)[0m  [1m[36mbegin transaction[0m
  [1m[36mMovie Create (0.2ms)[0m  [1m[32mINSERT INTO "movies" ("title", "rating", "description", "release_date", "created_at", "updated_at", "director") VALUES (?, ?, ?, ?, ?, ?, ?)[0m  [["title", "One Direction: Live on Tour"], ["rating", "PG-13"], ["description", "Up All Night: The Live Tour is a video album documenting the 3 January 2012 show of English-Irish boy band One Directions Up All Night Tour. "], ["release_date", "2011-01-03"], ["created_at", "2022-10-11 00:00:00"], ["updated_at", "2022-10-11 00:00:00"], ["director", "Andy Saunders"]]
  [1m[36mTRANSACTION (0.2ms)[0m  [1m[36mcommit transaction[0m
  [1m[36mTRANSACTION (0.0ms)[0m  [1m[36mbegin transaction[0m
  [1m[36mMovie Create (0.2ms)[0m  [1m[32mINSERT INTO "movies" ("title", "rating", "description", "release_date", "created_at", "updated_at", "director") VALUES (?, ?, ?, ?, ?, ?, ?)[0m  [["title", "Nightmare on elm street"], ["rating", "R"], ["description", "A young girl realises that she has to stay awake at any cost to avoid the clawed killer who is butchering her friends one by one in their dreams."], ["release_date", "1998-01-02"], ["created_at", "2022-10-11 00:00:00"], ["updated_at", "2022-10-11 00:00:00"], ["director", "Wes Craven"]]
  [1m[36mTRANSACTION (0.2ms)[0m  [1m[36mcommit transaction[0m
  [1m[35m (0.2ms)[0m  [1m[34mSELECT sqlite_version(*)[0m
  [1m[35m (0.2ms)[0m  [1m[34mSELECT "schema_migrations"."version" FROM "schema_migrations" ORDER BY "schema_migrations"."version" ASC[0m
  [1m[36mActiveRecord::InternalMetadata Load (0.0ms)[0m  [1m[34mSELECT "ar_internal_metadata".* FROM "ar_internal_metadata" WHERE "ar_internal_metadata"."key" = ? LIMIT ?[0m  [["key", "environment"], ["LIMIT", 1]]
  [1m[35m (0.0ms)[0m  [1m[34mSELECT sqlite_version(*)[0m
  [1m[35m (0.0ms)[0m  [1m[34mSELECT "schema_migrations"."version" FROM "schema_migrations" ORDER BY "schema_migrations"."version" ASC[0m
  [1m[35m (0.2ms)[0m  [1m[34mSELECT sqlite_version(*)[0m
  [1m[35m (0.2ms)[0m  [1m[34mSELECT "schema_migrations"."version" FROM "schema_migrations" ORDER BY "schema_migrations"."version" ASC[0m
  [1m[35m (0.0ms)[0m  [1m[34mSELECT "ar_internal_metadata"."value" FROM "ar_internal_metadata" WHERE "ar_internal_metadata"."key" = ?[0m  [["key", "environment"]]
  [1m[35m (0.0ms)[0m  [1m[34mSELECT "schema_migrations"."version" FROM "schema_migrations" ORDER BY "schema_migrations"."version" ASC[0m
  [1m[35m (0.0ms)[0m  [1m[34mSELECT "ar_internal_metadata"."value" FROM "ar_internal_metadata" WHERE "ar_internal_metadata"."key" = ?[0m  [["key", "environment"]]
  [1m[35m (0.0ms)[0m  [1m[34mSELECT "schema_migrations"."version" FROM "schema_migrations" ORDER BY "schema_migrations"."version" ASC[0m
  [1m[35m (0.0ms)[0m  [1m[34mSELECT "ar_internal_metadata"."value" FROM "ar_internal_metadata" WHERE "ar_internal_metadata"."key" = ?[0m  [["key", "environment"]]
  [1m[35m (0.0ms)[0m  [1m[34mSELECT sqlite_version(*)[0m
  [1m[35m (0.0ms)[0m  [1m[34mSELECT sqlite_version(*)[0m
  [1m[35m (0.0ms)[0m  [1m[34mSELECT sqlite_version(*)[0m
  [1m[35m (0.0ms)[0m  [1m[35mDROP TABLE IF EXISTS "movies"[0m
  [1m[35m (0.4ms)[0m  [1m[35mCREATE TABLE "movies" ("id" integer PRIMARY KEY AUTOINCREMENT NOT NULL, "title" varchar, "rating" varchar, "description" text, "release_date" date, "created_at" datetime(6) NOT NULL, "updated_at" datetime(6) NOT NULL, "director" varchar)[0m
  [1m[35m (0.4ms)[0m  [1m[35mCREATE TABLE "schema_migrations" ("version" varchar NOT NULL PRIMARY KEY)[0m
  [1m[35m (0.0ms)[0m  [1m[34mSELECT "schema_migrations"."version" FROM "schema_migrations" ORDER BY "schema_migrations"."version" ASC[0m
  [1m[35m (0.3ms)[0m  [1m[32mINSERT INTO "schema_migrations" (version) VALUES (20220505043634)[0m
  [1m[35m (0.4ms)[0m  [1m[32mINSERT INTO "schema_migrations" (version) VALUES
(20210322110923);

[0m
  [1m[35m (0.4ms)[0m  [1m[35mCREATE TABLE "ar_internal_metadata" ("key" varchar NOT NULL PRIMARY KEY, "value" varchar, "created_at" datetime(6) NOT NULL, "updated_at" datetime(6) NOT NULL)[0m
  [1m[36mActiveRecord::InternalMetadata Load (0.1ms)[0m  [1m[34mSELECT "ar_internal_metadata".* FROM "ar_internal_metadata" WHERE "ar_internal_metadata"."key" = ? LIMIT ?[0m  [["key", "environment"], ["LIMIT", 1]]
  [1m[36mTRANSACTION (0.0ms)[0m  [1m[36mbegin transaction[0m
  [1m[36mActiveRecord::InternalMetadata Create (0.1ms)[0m  [1m[32mINSERT INTO "ar_internal_metadata" ("key", "value", "created_at", "updated_at") VALUES (?, ?, ?, ?)[0m  [["key", "environment"], ["value", "development"], ["created_at", "2022-05-05 05:03:51.313842"], ["updated_at", "2022-05-05 05:03:51.313842"]]
  [1m[36mTRANSACTION (0.2ms)[0m  [1m[36mcommit transaction[0m
  [1m[36mActiveRecord::InternalMetadata Load (0.0ms)[0m  [1m[34mSELECT "ar_internal_metadata".* FROM "ar_internal_metadata" WHERE "ar_internal_metadata"."key" = ? LIMIT ?[0m  [["key", "environment"], ["LIMIT", 1]]
  [1m[36mActiveRecord::InternalMetadata Load (0.0ms)[0m  [1m[34mSELECT "ar_internal_metadata".* FROM "ar_internal_metadata" WHERE "ar_internal_metadata"."key" = ? LIMIT ?[0m  [["key", "schema_sha1"], ["LIMIT", 1]]
  [1m[36mTRANSACTION (0.0ms)[0m  [1m[36mbegin transaction[0m
  [1m[36mActiveRecord::InternalMetadata Create (0.1ms)[0m  [1m[32mINSERT INTO "ar_internal_metadata" ("key", "value", "created_at", "updated_at") VALUES (?, ?, ?, ?)[0m  [["key", "schema_sha1"], ["value", "04d5d95af577fef4637423932e0fe25920963a1d"], ["created_at", "2022-05-05 05:03:51.316418"], ["updated_at", "2022-05-05 05:03:51.316418"]]
  [1m[36mTRANSACTION (0.2ms)[0m  [1m[36mcommit transaction[0m
  [1m[35m (0.0ms)[0m  [1m[34mSELECT sqlite_version(*)[0m
  [1m[35m (0.0ms)[0m  [1m[35mDROP TABLE IF EXISTS "movies"[0m
  [1m[35m (0.3ms)[0m  [1m[35mCREATE TABLE "movies" ("id" integer PRIMARY KEY AUTOINCREMENT NOT NULL, "title" varchar, "rating" varchar, "description" text, "release_date" date, "created_at" datetime(6) NOT NULL, "updated_at" datetime(6) NOT NULL, "director" varchar)[0m
  [1m[35m (0.3ms)[0m  [1m[35mCREATE TABLE "schema_migrations" ("version" varchar NOT NULL PRIMARY KEY)[0m
  [1m[35m (0.0ms)[0m  [1m[34mSELECT "schema_migrations"."version" FROM "schema_migrations" ORDER BY "schema_migrations"."version" ASC[0m
  [1m[35m (0.2ms)[0m  [1m[32mINSERT INTO "schema_migrations" (version) VALUES (20220505043634)[0m
  [1m[35m (0.2ms)[0m  [1m[32mINSERT INTO "schema_migrations" (version) VALUES
(20210322110923);

[0m
  [1m[35m (0.3ms)[0m  [1m[35mCREATE TABLE "ar_internal_metadata" ("key" varchar NOT NULL PRIMARY KEY, "value" varchar, "created_at" datetime(6) NOT NULL, "updated_at" datetime(6) NOT NULL)[0m
  [1m[36mActiveRecord::InternalMetadata Load (0.0ms)[0m  [1m[34mSELECT "ar_internal_metadata".* FROM "ar_internal_metadata" WHERE "ar_internal_metadata"."key" = ? LIMIT ?[0m  [["key", "environment"], ["LIMIT", 1]]
  [1m[36mTRANSACTION (0.0ms)[0m  [1m[36mbegin transaction[0m
  [1m[36mActiveRecord::InternalMetadata Create (0.1ms)[0m  [1m[32mINSERT INTO "ar_internal_metadata" ("key", "value", "created_at", "updated_at") VALUES (?, ?, ?, ?)[0m  [["key", "environment"], ["value", "development"], ["created_at", "2022-05-05 05:03:51.322290"], ["updated_at", "2022-05-05 05:03:51.322290"]]
  [1m[36mTRANSACTION (0.2ms)[0m  [1m[36mcommit transaction[0m
  [1m[36mActiveRecord::InternalMetadata Load (0.0ms)[0m  [1m[34mSELECT "ar_internal_metadata".* FROM "ar_internal_metadata" WHERE "ar_internal_metadata"."key" = ? LIMIT ?[0m  [["key", "environment"], ["LIMIT", 1]]
  [1m[36mTRANSACTION (0.0ms)[0m  [1m[36mbegin transaction[0m
  [1m[36mActiveRecord::InternalMetadata Update (0.1ms)[0m  [1m[33mUPDATE "ar_internal_metadata" SET "value" = ?, "updated_at" = ? WHERE "ar_internal_metadata"."key" = ?[0m  [["value", "test"], ["updated_at", "2022-05-05 05:03:51.324043"], ["key", "environment"]]
  [1m[36mTRANSACTION (0.2ms)[0m  [1m[36mcommit transaction[0m
  [1m[36mActiveRecord::InternalMetadata Load (0.0ms)[0m  [1m[34mSELECT "ar_internal_metadata".* FROM "ar_internal_metadata" WHERE "ar_internal_metadata"."key" = ? LIMIT ?[0m  [["key", "schema_sha1"], ["LIMIT", 1]]
  [1m[36mTRANSACTION (0.0ms)[0m  [1m[36mbegin transaction[0m
  [1m[36mActiveRecord::InternalMetadata Create (0.1ms)[0m  [1m[32mINSERT INTO "ar_internal_metadata" ("key", "value", "created_at", "updated_at") VALUES (?, ?, ?, ?)[0m  [["key", "schema_sha1"], ["value", "04d5d95af577fef4637423932e0fe25920963a1d"], ["created_at", "2022-05-05 05:03:51.326066"], ["updated_at", "2022-05-05 05:03:51.326066"]]
  [1m[36mTRANSACTION (0.2ms)[0m  [1m[36mcommit transaction[0m
  [1m[35m (0.0ms)[0m  [1m[34mSELECT sqlite_version(*)[0m
  [1m[35m (0.0ms)[0m  [1m[34mSELECT "schema_migrations"."version" FROM "schema_migrations" ORDER BY "schema_migrations"."version" ASC[0m
  [1m[35m (0.0ms)[0m  [1m[34mSELECT sqlite_version(*)[0m
  [1m[36mTRANSACTION (0.0ms)[0m  [1m[36mbegin transaction[0m
  [1m[36mMovie Create (0.2ms)[0m  [1m[32mINSERT INTO "movies" ("title", "rating", "description", "release_date", "created_at", "updated_at", "director") VALUES (?, ?, ?, ?, ?, ?, ?)[0m  [["title", "Soul"], ["rating", "G"], ["description", "After landing the gig of a lifetime, a New York jazz pianist suddenly finds himself trapped in a strange land between Earth and the afterlife."], ["release_date", "2022-10-11"], ["created_at", "2022-10-11 00:00:00"], ["updated_at", "2022-10-11 00:00:00"], ["director", "Pete Docter"]]
  [1m[36mTRANSACTION (0.3ms)[0m  [1m[36mcommit transaction[0m
  [1m[36mTRANSACTION (0.0ms)[0m  [1m[36mbegin transaction[0m
  [1m[36mMovie Create (0.2ms)[0m  [1m[32mINSERT INTO "movies" ("title", "rating", "description", "release_date", "created_at", "updated_at", "director") VALUES (?, ?, ?, ?, ?, ?, ?)[0m  [["title", "The Lord of the Rings: The Fellowship of the Ring"], ["rating", "PG"], ["description", "The Fellowship of the Ring embark on a journey to destroy the One Ring and end Saurons reign over Middle-earth. A young Hobbit known as Frodo has been thrown on an amazing adventure, when he is appointed the job of destroying the One Ring, which was created by the Dark Lord Sauron."], ["release_date", "2009-10-08"], ["created_at", "2022-10-11 00:00:00"], ["updated_at", "2022-10-11 00:00:00"], ["director", "Peter Jackson"]]
  [1m[36mTRANSACTION (0.2ms)[0m  [1m[36mcommit transaction[0m
  [1m[36mTRANSACTION (0.0ms)[0m  [1m[36mbegin transaction[0m
  [1m[36mMovie Create (0.1ms)[0m  [1m[32mINSERT INTO "movies" ("title", "rating", "description", "release_date", "created_at", "updated_at", "director") VALUES (?, ?, ?, ?, ?, ?, ?)[0m  [["title", "Encanto"], ["rating", "G"], ["description", "The Madrigals are an extraordinary family who live hidden in the mountains of Colombia in a charmed place called the Encanto."], ["release_date", "2022-01-02"], ["created_at", "2022-10-11 00:00:00"], ["updated_at", "2022-10-11 00:00:00"], ["director", "Byron Howard"]]
  [1m[36mTRANSACTION (0.2ms)[0m  [1m[36mcommit transaction[0m
  [1m[36mTRANSACTION (0.0ms)[0m  [1m[36mbegin transaction[0m
  [1m[36mMovie Create (0.1ms)[0m  [1m[32mINSERT INTO "movies" ("title", "rating", "description", "release_date", "created_at", "updated_at", "director") VALUES (?, ?, ?, ?, ?, ?, ?)[0m  [["title", "Moana"], ["rating", "G"], ["description", "Moana, daughter of chief Tui, embarks on a journey to return the heart of goddess Te Fitti from Maui, a demigod, after the plants and the fish on her island start dying due to a blight."], ["release_date", "2016-11-23"], ["created_at", "2022-10-11 00:00:00"], ["updated_at", "2022-10-11 00:00:00"], ["director", "Ron Clements"]]
  [1m[36mTRANSACTION (0.2ms)[0m  [1m[36mcommit transaction[0m
  [1m[36mTRANSACTION (0.0ms)[0m  [1m[36mbegin transaction[0m
  [1m[36mMovie Create (0.1ms)[0m  [1m[32mINSERT INTO "movies" ("title", "rating", "description", "release_date", "created_at", "updated_at", "director") VALUES (?, ?, ?, ?, ?, ?, ?)[0m  [["title", "Mulan"], ["rating", "PG"], ["description", "Young Mulan is distraught to learn that her weak father must join the army to fight the invading Huns. Unwilling to endanger his life, she disguises herself as a man and joins the army in his place."], ["release_date", "1989-06-05"], ["created_at", "2022-10-11 00:00:00"], ["updated_at", "2022-10-11 00:00:00"], ["director", "Tony Bancroft"]]
  [1m[36mTRANSACTION (0.2ms)[0m  [1m[36mcommit transaction[0m
  [1m[36mTRANSACTION (0.0ms)[0m  [1m[36mbegin transaction[0m
  [1m[36mMovie Create (0.1ms)[0m  [1m[32mINSERT INTO "movies" ("title", "rating", "description", "release_date", "created_at", "updated_at", "director") VALUES (?, ?, ?, ?, ?, ?, ?)[0m  [["title", "Saw"], ["rating", "PG-13"], ["description", "Saw is a 2004 American horror film directed by James Wan, in his feature directorial debut, and written by Leigh Whannell from a story by Wan and Whannell."], ["release_date", "2004-06-05"], ["created_at", "2022-10-11 00:00:00"], ["updated_at", "2022-10-11 00:00:00"], ["director", "James Wan"]]
  [1m[36mTRANSACTION (0.2ms)[0m  [1m[36mcommit transaction[0m
  [1m[36mTRANSACTION (0.0ms)[0m  [1m[36mbegin transaction[0m
  [1m[36mMovie Create (0.1ms)[0m  [1m[32mINSERT INTO "movies" ("title", "rating", "description", "release_date", "created_at", "updated_at", "director") VALUES (?, ?, ?, ?, ?, ?, ?)[0m  [["title", "Saw II"], ["rating", "PG-13"], ["description", "Saw II is a 2005 horror film directed by Darren Lynn Bousman and written by Leigh Whannell and Bousman. It is the sequel to 2004s Saw and the second installment in the Saw film series."], ["release_date", "2005-01-02"], ["created_at", "2022-10-11 00:00:00"], ["updated_at", "2022-10-11 00:00:00"], ["director", "Darren Lynn Bousman"]]
  [1m[36mTRANSACTION (0.2ms)[0m  [1m[36mcommit transaction[0m
  [1m[36mTRANSACTION (0.0ms)[0m  [1m[36mbegin transaction[0m
  [1m[36mMovie Create (0.1ms)[0m  [1m[32mINSERT INTO "movies" ("title", "rating", "description", "release_date", "created_at", "updated_at", "director") VALUES (?, ?, ?, ?, ?, ?, ?)[0m  [["title", "Tangled"], ["rating", "G"], ["description", "Rapunzel, a naive and young girl, is locked up by her overly protective mother"], ["release_date", "2010-09-09"], ["created_at", "2022-10-11 00:00:00"], ["updated_at", "2022-10-11 00:00:00"], ["director", "Nathan Greno"]]
  [1m[36mTRANSACTION (0.2ms)[0m  [1m[36mcommit transaction[0m
  [1m[36mTRANSACTION (0.0ms)[0m  [1m[36mbegin transaction[0m
  [1m[36mMovie Create (0.1ms)[0m  [1m[32mINSERT INTO "movies" ("title", "rating", "description", "release_date", "created_at", "updated_at", "director") VALUES (?, ?, ?, ?, ?, ?, ?)[0m  [["title", "Spirited Away"], ["rating", "PG-13"], ["description", "Ten-year-old Chihiro and her parents end up at an abandoned amusement park inhabited by supernatural beings."], ["release_date", "2002-12-12"], ["created_at", "2022-10-11 00:00:00"], ["updated_at", "2022-10-11 00:00:00"], ["director", "Hayao Miyazaki"]]
  [1m[36mTRANSACTION (0.2ms)[0m  [1m[36mcommit transaction[0m
  [1m[36mTRANSACTION (0.0ms)[0m  [1m[36mbegin transaction[0m
  [1m[36mMovie Create (0.2ms)[0m  [1m[32mINSERT INTO "movies" ("title", "rating", "description", "release_date", "created_at", "updated_at", "director") VALUES (?, ?, ?, ?, ?, ?, ?)[0m  [["title", "Howels Moving Castle"], ["rating", "PG-13"], ["description", "Jealous of Sophies closeness to Howl, a wizard, the Witch of Waste transforms her into an old lady."], ["release_date", "2005-08-22"], ["created_at", "2022-10-11 00:00:00"], ["updated_at", "2022-10-11 00:00:00"], ["director", "Hayao Miyazaki"]]
  [1m[36mTRANSACTION (0.2ms)[0m  [1m[36mcommit transaction[0m
  [1m[36mTRANSACTION (0.0ms)[0m  [1m[36mbegin transaction[0m
  [1m[36mMovie Create (0.1ms)[0m  [1m[32mINSERT INTO "movies" ("title", "rating", "description", "release_date", "created_at", "updated_at", "director") VALUES (?, ?, ?, ?, ?, ?, ?)[0m  [["title", "One Direction: Live on Tour"], ["rating", "PG-13"], ["description", "Up All Night: The Live Tour is a video album documenting the 3 January 2012 show of English-Irish boy band One Directions Up All Night Tour. "], ["release_date", "2011-01-03"], ["created_at", "2022-10-11 00:00:00"], ["updated_at", "2022-10-11 00:00:00"], ["director", "Andy Saunders"]]
  [1m[36mTRANSACTION (0.2ms)[0m  [1m[36mcommit transaction[0m
  [1m[36mTRANSACTION (0.0ms)[0m  [1m[36mbegin transaction[0m
  [1m[36mMovie Create (0.1ms)[0m  [1m[32mINSERT INTO "movies" ("title", "rating", "description", "release_date", "created_at", "updated_at", "director") VALUES (?, ?, ?, ?, ?, ?, ?)[0m  [["title", "Nightmare on elm street"], ["rating", "R"], ["description", "A young girl realises that she has to stay awake at any cost to avoid the clawed killer who is butchering her friends one by one in their dreams."], ["release_date", "1998-01-02"], ["created_at", "2022-10-11 00:00:00"], ["updated_at", "2022-10-11 00:00:00"], ["director", "Wes Craven"]]
  [1m[36mTRANSACTION (0.2ms)[0m  [1m[36mcommit transaction[0m
  [1m[35m (0.2ms)[0m  [1m[34mSELECT sqlite_version(*)[0m
  [1m[35m (0.0ms)[0m  [1m[34mSELECT "schema_migrations"."version" FROM "schema_migrations" ORDER BY "schema_migrations"."version" ASC[0m
  [1m[35m (0.0ms)[0m  [1m[34mSELECT sqlite_version(*)[0m
  [1m[36mTRANSACTION (0.0ms)[0m  [1m[36mbegin transaction[0m
  [1m[36mMovie Create (0.2ms)[0m  [1m[32mINSERT INTO "movies" ("title", "rating", "description", "release_date", "created_at", "updated_at", "director") VALUES (?, ?, ?, ?, ?, ?, ?)[0m  [["title", "Soul"], ["rating", "G"], ["description", "After landing the gig of a lifetime, a New York jazz pianist suddenly finds himself trapped in a strange land between Earth and the afterlife."], ["release_date", "2022-10-11"], ["created_at", "2022-10-11 00:00:00"], ["updated_at", "2022-10-11 00:00:00"], ["director", "Pete Docter"]]
  [1m[36mTRANSACTION (0.2ms)[0m  [1m[36mcommit transaction[0m
  [1m[36mTRANSACTION (0.0ms)[0m  [1m[36mbegin transaction[0m
  [1m[36mMovie Create (0.1ms)[0m  [1m[32mINSERT INTO "movies" ("title", "rating", "description", "release_date", "created_at", "updated_at", "director") VALUES (?, ?, ?, ?, ?, ?, ?)[0m  [["title", "The Lord of the Rings: The Fellowship of the Ring"], ["rating", "PG"], ["description", "The Fellowship of the Ring embark on a journey to destroy the One Ring and end Saurons reign over Middle-earth. A young Hobbit known as Frodo has been thrown on an amazing adventure, when he is appointed the job of destroying the One Ring, which was created by the Dark Lord Sauron."], ["release_date", "2009-10-08"], ["created_at", "2022-10-11 00:00:00"], ["updated_at", "2022-10-11 00:00:00"], ["director", "Peter Jackson"]]
  [1m[36mTRANSACTION (0.2ms)[0m  [1m[36mcommit transaction[0m
  [1m[36mTRANSACTION (0.0ms)[0m  [1m[36mbegin transaction[0m
  [1m[36mMovie Create (0.1ms)[0m  [1m[32mINSERT INTO "movies" ("title", "rating", "description", "release_date", "created_at", "updated_at", "director") VALUES (?, ?, ?, ?, ?, ?, ?)[0m  [["title", "Encanto"], ["rating", "G"], ["description", "The Madrigals are an extraordinary family who live hidden in the mountains of Colombia in a charmed place called the Encanto."], ["release_date", "2022-01-02"], ["created_at", "2022-10-11 00:00:00"], ["updated_at", "2022-10-11 00:00:00"], ["director", "Byron Howard"]]
  [1m[36mTRANSACTION (0.2ms)[0m  [1m[36mcommit transaction[0m
  [1m[36mTRANSACTION (0.0ms)[0m  [1m[36mbegin transaction[0m
  [1m[36mMovie Create (0.1ms)[0m  [1m[32mINSERT INTO "movies" ("title", "rating", "description", "release_date", "created_at", "updated_at", "director") VALUES (?, ?, ?, ?, ?, ?, ?)[0m  [["title", "Moana"], ["rating", "G"], ["description", "Moana, daughter of chief Tui, embarks on a journey to return the heart of goddess Te Fitti from Maui, a demigod, after the plants and the fish on her island start dying due to a blight."], ["release_date", "2016-11-23"], ["created_at", "2022-10-11 00:00:00"], ["updated_at", "2022-10-11 00:00:00"], ["director", "Ron Clements"]]
  [1m[36mTRANSACTION (0.2ms)[0m  [1m[36mcommit transaction[0m
  [1m[36mTRANSACTION (0.0ms)[0m  [1m[36mbegin transaction[0m
  [1m[36mMovie Create (0.1ms)[0m  [1m[32mINSERT INTO "movies" ("title", "rating", "description", "release_date", "created_at", "updated_at", "director") VALUES (?, ?, ?, ?, ?, ?, ?)[0m  [["title", "Mulan"], ["rating", "PG"], ["description", "Young Mulan is distraught to learn that her weak father must join the army to fight the invading Huns. Unwilling to endanger his life, she disguises herself as a man and joins the army in his place."], ["release_date", "1989-06-05"], ["created_at", "2022-10-11 00:00:00"], ["updated_at", "2022-10-11 00:00:00"], ["director", "Tony Bancroft"]]
  [1m[36mTRANSACTION (0.3ms)[0m  [1m[36mcommit transaction[0m
  [1m[36mTRANSACTION (0.0ms)[0m  [1m[36mbegin transaction[0m
  [1m[36mMovie Create (0.1ms)[0m  [1m[32mINSERT INTO "movies" ("title", "rating", "description", "release_date", "created_at", "updated_at", "director") VALUES (?, ?, ?, ?, ?, ?, ?)[0m  [["title", "Saw"], ["rating", "PG-13"], ["description", "Saw is a 2004 American horror film directed by James Wan, in his feature directorial debut, and written by Leigh Whannell from a story by Wan and Whannell."], ["release_date", "2004-06-05"], ["created_at", "2022-10-11 00:00:00"], ["updated_at", "2022-10-11 00:00:00"], ["director", "James Wan"]]
  [1m[36mTRANSACTION (0.2ms)[0m  [1m[36mcommit transaction[0m
  [1m[36mTRANSACTION (0.0ms)[0m  [1m[36mbegin transaction[0m
  [1m[36mMovie Create (0.2ms)[0m  [1m[32mINSERT INTO "movies" ("title", "rating", "description", "release_date", "created_at", "updated_at", "director") VALUES (?, ?, ?, ?, ?, ?, ?)[0m  [["title", "Saw II"], ["rating", "PG-13"], ["description", "Saw II is a 2005 horror film directed by Darren Lynn Bousman and written by Leigh Whannell and Bousman. It is the sequel to 2004s Saw and the second installment in the Saw film series."], ["release_date", "2005-01-02"], ["created_at", "2022-10-11 00:00:00"], ["updated_at", "2022-10-11 00:00:00"], ["director", "Darren Lynn Bousman"]]
  [1m[36mTRANSACTION (0.2ms)[0m  [1m[36mcommit transaction[0m
  [1m[36mTRANSACTION (0.0ms)[0m  [1m[36mbegin transaction[0m
  [1m[36mMovie Create (0.1ms)[0m  [1m[32mINSERT INTO "movies" ("title", "rating", "description", "release_date", "created_at", "updated_at", "director") VALUES (?, ?, ?, ?, ?, ?, ?)[0m  [["title", "Tangled"], ["rating", "G"], ["description", "Rapunzel, a naive and young girl, is locked up by her overly protective mother"], ["release_date", "2010-09-09"], ["created_at", "2022-10-11 00:00:00"], ["updated_at", "2022-10-11 00:00:00"], ["director", "Nathan Greno"]]
  [1m[36mTRANSACTION (0.2ms)[0m  [1m[36mcommit transaction[0m
  [1m[36mTRANSACTION (0.0ms)[0m  [1m[36mbegin transaction[0m
  [1m[36mMovie Create (0.1ms)[0m  [1m[32mINSERT INTO "movies" ("title", "rating", "description", "release_date", "created_at", "updated_at", "director") VALUES (?, ?, ?, ?, ?, ?, ?)[0m  [["title", "Spirited Away"], ["rating", "PG-13"], ["description", "Ten-year-old Chihiro and her parents end up at an abandoned amusement park inhabited by supernatural beings."], ["release_date", "2002-12-12"], ["created_at", "2022-10-11 00:00:00"], ["updated_at", "2022-10-11 00:00:00"], ["director", "Hayao Miyazaki"]]
  [1m[36mTRANSACTION (0.2ms)[0m  [1m[36mcommit transaction[0m
  [1m[36mTRANSACTION (0.0ms)[0m  [1m[36mbegin transaction[0m
  [1m[36mMovie Create (0.1ms)[0m  [1m[32mINSERT INTO "movies" ("title", "rating", "description", "release_date", "created_at", "updated_at", "director") VALUES (?, ?, ?, ?, ?, ?, ?)[0m  [["title", "Howels Moving Castle"], ["rating", "PG-13"], ["description", "Jealous of Sophies closeness to Howl, a wizard, the Witch of Waste transforms her into an old lady."], ["release_date", "2005-08-22"], ["created_at", "2022-10-11 00:00:00"], ["updated_at", "2022-10-11 00:00:00"], ["director", "Hayao Miyazaki"]]
  [1m[36mTRANSACTION (0.2ms)[0m  [1m[36mcommit transaction[0m
  [1m[36mTRANSACTION (0.0ms)[0m  [1m[36mbegin transaction[0m
  [1m[36mMovie Create (0.1ms)[0m  [1m[32mINSERT INTO "movies" ("title", "rating", "description", "release_date", "created_at", "updated_at", "director") VALUES (?, ?, ?, ?, ?, ?, ?)[0m  [["title", "One Direction: Live on Tour"], ["rating", "PG-13"], ["description", "Up All Night: The Live Tour is a video album documenting the 3 January 2012 show of English-Irish boy band One Directions Up All Night Tour. "], ["release_date", "2011-01-03"], ["created_at", "2022-10-11 00:00:00"], ["updated_at", "2022-10-11 00:00:00"], ["director", "Andy Saunders"]]
  [1m[36mTRANSACTION (0.2ms)[0m  [1m[36mcommit transaction[0m
  [1m[36mTRANSACTION (0.0ms)[0m  [1m[36mbegin transaction[0m
  [1m[36mMovie Create (0.1ms)[0m  [1m[32mINSERT INTO "movies" ("title", "rating", "description", "release_date", "created_at", "updated_at", "director") VALUES (?, ?, ?, ?, ?, ?, ?)[0m  [["title", "Nightmare on elm street"], ["rating", "R"], ["description", "A young girl realises that she has to stay awake at any cost to avoid the clawed killer who is butchering her friends one by one in their dreams."], ["release_date", "1998-01-02"], ["created_at", "2022-10-11 00:00:00"], ["updated_at", "2022-10-11 00:00:00"], ["director", "Wes Craven"]]
  [1m[36mTRANSACTION (0.2ms)[0m  [1m[36mcommit transaction[0m
